<?xml version="1.0" encoding="UTF-8"?>
<!-- Generated by org.testng.reporters.JUnitReportReporter -->
<testsuite hostname="LAPTOP-DLNTGBE5" failures="0" tests="1" name="nesineotomasyon.AppTest" time="0.015" errors="0" timestamp="2024-01-05T13:29:14 TRT" skipped="0">
  <testcase classname="nesineotomasyon.AppTest" name="testApp" time="0.015"/>
</testsuite> <!-- nesineotomasyon.AppTest -->
